{"level":"info","message":"GET /api"}
{"level":"info","message":"GET /user"}
{"level":"info","message":"GET /api/"}
{"level":"info","message":"GET /api"}
{"level":"info","message":"GET /api/"}
{"level":"info","message":"GET /api"}
{"level":"info","message":"GET /favicon.ico"}
{"level":"info","message":"POST /api/auth/register"}
{"level":"info","message":"POST /api/auth/register"}
{"level":"info","message":"POST /api/auth/login"}
{"level":"info","message":"POST /api/auth/login"}
{"level":"info","message":"GET /api/candidates"}
{"level":"info","message":"POST /api/candidates"}
{"level":"info","message":"POST /api/auth/register"}
{"level":"info","message":"POST /api/auth/login"}
{"level":"info","message":"GET /api/candidates"}
{"level":"info","message":"POST /api/auth/register"}
{"level":"info","message":"POST /api/auth/login"}
{"level":"info","message":"GET /api/candidates"}
{"level":"info","message":"POST /api/auth/register"}
{"level":"info","message":"POST /api/auth/login"}
{"level":"info","message":"GET /api/candidates"}
{"level":"info","message":"POST /api/candidates"}
{"level":"info","message":"POST /api/auth/register"}
{"level":"info","message":"POST /api/auth/login"}
{"level":"info","message":"GET /api/candidates"}
{"level":"info","message":"POST /api/candidates"}
{"level":"info","message":"POST /api/candidates"}
{"level":"info","message":"POST /api/auth/login"}
{"level":"info","message":"POST /api/auth/login"}
{"level":"info","message":"GET /api/candidates"}
{"level":"info","message":"POST /api/auth/register"}
{"level":"info","message":"POST /api/auth/login"}
{"level":"info","message":"GET /api/candidates"}
{"level":"info","message":"POST /api/votes"}
{"level":"info","message":"POST /api/votes"}
{"level":"info","message":"POST /api/votes"}
{"level":"info","message":"POST /api/votes"}
{"level":"info","message":"POST /api/auth/register"}
{"level":"info","message":"POST /api/auth/login"}
{"level":"info","message":"GET /api/candidates"}
{"level":"info","message":"POST /api/auth/register"}
{"level":"info","message":"POST /api/auth/login"}
{"level":"info","message":"GET /api/candidates"}
{"level":"info","message":"POST /api/auth/register"}
{"level":"info","message":"POST /api/auth/register"}
{"level":"info","message":"POST /api/auth/register"}
{"level":"info","message":"POST /api/auth/register"}
{"level":"info","message":"POST /api/auth/login"}
{"level":"info","message":"GET /api/candidates"}
{"level":"info","message":"POST /api/candidates"}
{"level":"info","message":"POST /api/candidates"}
{"level":"info","message":"POST /api/candidates"}
{"level":"info","message":"POST /api/auth/register"}
{"level":"info","message":"POST /api/auth/login"}
{"level":"info","message":"GET /api/candidates"}
{"level":"info","message":"POST /api/votes"}
{"level":"info","message":"GET /api/candidates"}
{"level":"info","message":"POST /api/votes"}
{"level":"info","message":"POST /api/votes"}
{"level":"info","message":"POST /api/votes"}
{"level":"info","message":"POST /api/auth/login"}
{"level":"info","message":"GET /api/candidates"}
{"level":"info","message":"POST /api/auth/register"}
{"level":"info","message":"POST /api/auth/login"}
{"level":"info","message":"GET /api/candidates"}
{"level":"info","message":"OPTIONS /api/auth/register"}
{"level":"info","message":"OPTIONS /api/auth/register"}
{"level":"info","message":"OPTIONS /api/auth/login"}
{"level":"info","message":"POST /api/auth/register"}
{"level":"info","message":"POST /api/auth/login"}
{"level":"info","message":"GET /api/candidates"}
{"level":"info","message":"GET /api"}
{"level":"info","message":"GET /favicon.ico"}
{"level":"info","message":"POST /api/auth/register"}
{"level":"info","message":"POST /api/auth/login"}
{"level":"info","message":"GET /api/candidates"}
{"level":"info","message":"POST /api/votes"}
{"level":"info","message":"GET /api/candidates"}
{"level":"info","message":"POST /api/candidates"}
{"level":"info","message":"POST /api/candidates"}
{"level":"info","message":"POST /api/votes"}
{"level":"info","message":"GET /user"}
{"level":"info","message":"GET /favicon.ico"}
{"level":"info","message":"POST /api/auth/register"}
{"level":"info","message":"POST /api/auth/login"}
{"level":"info","message":"GET /api/candidates"}
{"level":"info","message":"POST /api/votes"}
{"level":"info","message":"GET /api/candidates"}
{"level":"info","message":"POST /api/votes"}
